[debug] [2017-09-14T15:01:08.689Z] ----------------------------------------------------------------------
[debug] [2017-09-14T15:01:08.689Z] Command:       C:\Program Files\nodejs\node.exe C:\Users\naman\AppData\Roaming\npm\node_modules\firebase-tools\bin\firebase deploy
[debug] [2017-09-14T15:01:08.705Z] CLI Version:   3.10.1
[debug] [2017-09-14T15:01:08.705Z] Platform:      win32
[debug] [2017-09-14T15:01:08.705Z] Node Version:  v6.11.0
[debug] [2017-09-14T15:01:08.705Z] Time:          Thu Sep 14 2017 20:31:08 GMT+0530 (India Standard Time)
[debug] [2017-09-14T15:01:08.705Z] ----------------------------------------------------------------------
[debug] 
[debug] [2017-09-14T15:01:08.751Z] > command requires scopes: ["email","openid","https://www.googleapis.com/auth/cloudplatformprojects.readonly","https://www.googleapis.com/auth/firebase","https://www.googleapis.com/auth/cloud-platform"]
[debug] [2017-09-14T15:01:08.751Z] > authorizing via signed-in user
[debug] [2017-09-14T15:01:08.751Z] > refreshing access token with scopes: ["email","https://www.googleapis.com/auth/cloud-platform","https://www.googleapis.com/auth/cloudplatformprojects.readonly","https://www.googleapis.com/auth/firebase","openid"]
[debug] [2017-09-14T15:01:08.751Z] >>> HTTP REQUEST POST https://www.googleapis.com/oauth2/v3/token { refresh_token: '1/8nto_NeAS9TYwwgHun5AQxXsmo7zWQxOJpmaOz_WcsQ',
  client_id: '563584335869-fgrhgmd47bqnekij5i8b5pr03ho849e6.apps.googleusercontent.com',
  client_secret: 'j9iVZfS8kkCEFUPaAeJV0sAi',
  grant_type: 'refresh_token',
  scope: 'email https://www.googleapis.com/auth/cloud-platform https://www.googleapis.com/auth/cloudplatformprojects.readonly https://www.googleapis.com/auth/firebase openid' } 
 Thu Sep 14 2017 20:31:08 GMT+0530 (India Standard Time)
[debug] [2017-09-14T15:01:12.154Z] <<< HTTP RESPONSE 200
[debug] [2017-09-14T15:01:12.191Z] >>> HTTP REQUEST GET https://admin.firebase.com/v1/projects/ggrpdebugtest  
 Thu Sep 14 2017 20:31:12 GMT+0530 (India Standard Time)
[debug] [2017-09-14T15:01:16.575Z] <<< HTTP RESPONSE 200
[debug] [2017-09-14T15:01:16.591Z] >>> HTTP REQUEST GET https://admin.firebase.com/v1/database/ggrpdebugtest/tokens  
 Thu Sep 14 2017 20:31:16 GMT+0530 (India Standard Time)
[debug] [2017-09-14T15:01:17.745Z] <<< HTTP RESPONSE 200
[info] 
[info] === Deploying to 'ggrpdebugtest'...
[info] 
[info] i  deploying functions, hosting
[debug] [2017-09-14T15:01:22.954Z] > [functions] package.json contents: {
  "name": "functions",
  "description": "Cloud Functions for Firebase",
  "dependencies": {
    "firebase-admin": "~5.2.1",
    "firebase-functions": "^0.6.2",
    "moment": "^2.18.1"
  },
  "private": true
}
[info] i  functions: ensuring necessary APIs are enabled...
[info] i  runtimeconfig: ensuring necessary APIs are enabled...
[debug] [2017-09-14T15:01:22.969Z] >>> HTTP REQUEST GET https://servicemanagement.googleapis.com/v1/services/cloudfunctions.googleapis.com/projectSettings/ggrpdebugtest?view=CONSUMER_VIEW  
 Thu Sep 14 2017 20:31:22 GMT+0530 (India Standard Time)
[debug] [2017-09-14T15:01:22.969Z] >>> HTTP REQUEST GET https://servicemanagement.googleapis.com/v1/services/runtimeconfig.googleapis.com/projectSettings/ggrpdebugtest?view=CONSUMER_VIEW  
 Thu Sep 14 2017 20:31:22 GMT+0530 (India Standard Time)
[debug] [2017-09-14T15:01:27.060Z] <<< HTTP RESPONSE 200
[info] +  runtimeconfig: all necessary APIs are enabled
